
================================================================
======== FXServer Starting - 21:50:51, 22/5/2025                
================================================================
[           resources] Scanning resources.
[           resources] Found 98 resources.
[          svadhesive] Authenticating server license key...
[          svadhesive] Server license key authentication succeeded. Welcome!
[    c-scripting-core] Creating script environments for sessionmanager
[           resources] Started resource sessionmanager
[    c-scripting-core] Creating script environments for monitor
[      script:monitor] [txAdmin] Resource v6.0.2 threads and commands set up. All Ready.
[           resources] Started resource monitor
[    c-scripting-core] Creating script environments for mapmanager
[           resources] Started resource mapmanager
[    c-scripting-core] Creating script environments for chat
[           resources] Started resource chat
[           resources] Started resource spawnmanager
[   script:mapmanager] [0mStarted gametype Freeroam
[           resources] Started resource basic-gamemode
[    c-scripting-core] Creating script environments for hardcap
[           resources] Started resource hardcap
[    c-scripting-core] [97mCreating script environments for baseevents
[           resources] Started resource baseevents
[    c-scripting-core] Creating script environments for oxmysql
[           resources] Started resource oxmysql
[    c-scripting-core] Creating script environments for qb-core
[           resources] Started resource qb-core
[           resources] [97mStarted resource menuv
[    c-scripting-core] Creating script environments for qb-adminmenu
[           resources] Started resource qb-adminmenu
[    c-scripting-core] Creating script environments for qb-ambulancejob
[           resources] Started resource qb-ambulancejob
[           resources] Started resource qb-interior
[    c-scripting-core] Creating script environments for qb-clothing
[           resources] Started resource qb-clothing
[    c-scripting-core] Creating script environments for qb-weathersync
[           resources] Started resource qb-weathersync
[    c-scripting-core] Creating script environments for qb-apartments
[           resources] Started resource qb-apartments
[    c-scripting-core] Creating script environments for qb-banking
[           resources] Started resource qb-banking
[    c-scripting-core] Creating script environments for PolyZone
[           resources] [0mStarted resource PolyZone
[    c-scripting-core] Creating script environments for qb-bankrobbery
[           resources] Started resource qb-bankrobbery
[    c-scripting-core] [97mCreating script environments for qb-busjob
[           resources] Started resource qb-busjob
[    c-scripting-core] Creating script environments for qb-cityhall
[           resources] Started resource qb-cityhall
[    c-scripting-core] Creating script environments for qb-crafting
[           resources] Started resource qb-crafting
[           resources] Started resource qb-minigames
[    c-scripting-core] Creating script environments for qb-crypto
[           resources] Started resource qb-crypto
[    c-scripting-core] Creating script environments for qb-diving
[           resources] Started resource qb-diving
[    c-scripting-core] Creating script environments for qb-doorlock
[           resources] Started resource qb-doorlock
[    c-scripting-core] Creating script environments for qb-drugs
[           resources] Started resource qb-drugs
[    c-scripting-core] Creating script environments for qb-garages
[           resources] Started resource qb-garages
[    c-scripting-core] Creating script environments for qb-garbagejob
[           resources] Started resource qb-garbagejob
[    c-scripting-core] Creating script environments for qb-hotdogjob
[           resources] Started resource qb-hotdogjob
[    c-scripting-core] Creating script environments for qb-houserobbery
[           resources] Started resource qb-houserobbery
[    c-scripting-core] Creating script environments for qb-houses
[           resources] [97mStarted resource qb-houses
[    c-scripting-core] Creating script environments for qb-hud
[           resources] Started resource qb-hud
[           resources] Started resource qb-input
[    c-scripting-core] Creating script environments for qb-weapons
[           resources] Started resource qb-weapons
[    c-scripting-core] Creating script environments for qb-inventory
[           resources] [0mStarted resource qb-inventory
[    c-scripting-core] Creating script environments for qb-jewelery
[           resources] Started resource qb-jewelery
[    c-scripting-core] Creating script environments for qb-lapraces
[           resources] Started resource qb-lapraces
[           resources] Started resource qb-loading
[    c-scripting-core] Creating script environments for qb-management
[           resources] Started resource qb-management
[    c-scripting-core] Creating script environments for qb-mechanicjob
[           resources] Started resource qb-mechanicjob
[           resources] Started resource qb-menu
[    c-scripting-core] Creating script environments for qb-spawn
[           resources] Started resource qb-spawn
[    c-scripting-core] Creating script environments for qb-multicharacter
[           resources] Started resource qb-multicharacter
[    c-scripting-core] Creating script environments for qb-newsjob
[           resources] Started resource qb-newsjob
[    c-scripting-core] [0mCreating script environments for qb-pawnshop
[           resources] Started resource qb-pawnshop
[    c-scripting-core] Creating script environments for qb-phone
[           resources] Started resource qb-phone
[    c-scripting-core] Creating script environments for qb-policejob
[           resources] Started resource qb-policejob
[    c-scripting-core] Creating script environments for qb-prison
[           resources] Started resource qb-prison
[    c-scripting-core] [97mCreating script environments for qb-radialmenu
[           resources] Started resource qb-radialmenu
[    c-scripting-core] Creating script environments for qb-recyclejob
[           resources] Started resource qb-recyclejob
[    c-scripting-core] Creating script environments for qb-scoreboard
[           resources] Started resource qb-scoreboard
[    c-scripting-core] Creating script environments for qb-scrapyard
[           resources] Started resource qb-scrapyard
[38;5;161m[    c-scripting-core] Creating script environments for qb-shops
[           resources] Started resource qb-shops
[    c-scripting-core] Creating script environments for qb-smallresources
[           resources] Started resource qb-smallresources
[    c-scripting-core] Creating script environments for qb-storerobbery
[           resources] Started resource qb-storerobbery
[    c-scripting-core] Creating script environments for qb-streetraces
[           resources] Started resource qb-streetraces
[           resources] Started resource qb-target
[    c-scripting-core] Creating script environments for qb-taxijob
[           resources] Started resource qb-taxijob
[    c-scripting-core] Creating script environments for qb-towjob
[           resources] Started resource qb-towjob
[    c-scripting-core] Creating script environments for qb-truckrobbery
[           resources] Started resource qb-truckrobbery
[    c-scripting-core] Creating script environments for qb-vehiclekeys
[           resources] Started resource qb-vehiclekeys
[    c-scripting-core] Creating script environments for qb-vehiclesales
[           resources] Started resource qb-vehiclesales
[    c-scripting-core] Creating script environments for qb-vehicleshop
[           resources] Started resource qb-vehicleshop
[    c-scripting-core] [0mCreating script environments for qb-vineyard
[           resources] Started resource qb-vineyard
[    c-scripting-core] Creating script environments for qb-weed
[           resources] Started resource qb-weed
[38;5;161m[    c-scripting-core] Creating script environments for LegacyFuel
[           resources] Started resource LegacyFuel
[           resources] Started resource bob74_ipl
[    c-scripting-core] Creating script environments for connectqueue
[ script:connectqueue] QUEUE:  [connectqueue] Disabling hardcap 
[           resources] Stopping resource hardcap
[           resources] Started resource connectqueue
[    c-scripting-core] Creating script environments for interact-sound
[           resources] Started resource interact-sound
[           resources] Started resource progressbar
[           resources] Started resource safecracker
[    c-scripting-core] Creating script environments for yarn
[           resources] Started resource yarn
[ citizen-server-impl] Running build tasks on resource webpack - it'll restart once completed.
[    c-resources-core] Could not start dependency webpack for resource screenshot-basic.
[ citizen-server-impl] Couldn't start resource screenshot-basic.
[    c-scripting-core] [0mCreating script environments for pma-voice
[           resources] [0mStarted resource pma-voice
[    c-scripting-core] Creating script environments for qb-radio
[           resources] Started resource qb-radio
[           resources] Started resource dealer_map
[           resources] Started resource hospital_map
[           resources] Started resource prison_canteen
[resources:prison_mai] Asset prison_main/desertos_prison.ytd uses 30.5 MiB of physical memory.
[           resources] Started resource prison_main (1 warning)
[           resources] Started resource prison_meeting
[   script:mapmanager] Started map fivem-map-hipster
[           resources] Started resource fivem-map-hipster
[      script:oxmysql] [10.4.32-MariaDB] Database server connection established!
[         script:yarn] [yarn]	yarn install v1.22.5
[         script:yarn] [yarn]	[1/4] Resolving packages...
[         script:yarn] [yarn]	[2/4] Fetching packages...
[ citizen-server-impl]         fff                          
[38;5;73m[ citizen-server-impl]   cccc ff   xx  xx     rr rr    eee  
[ citizen-server-impl] cc     ffff   xx       rrr  r ee   e 
[ citizen-server-impl] cc     ff     xx   ... rr     eeeee  
[ citizen-server-impl]  ccccc ff   xx  xx ... rr      eeeee 
[ citizen-server-impl]                                      
[ citizen-server-impl] Authenticated with cfx.re Nucleus: https://hoan-tixi-elgd5a.users.cfx.re/
[         script:yarn] [yarn]	info fsevents@2.3.1: The platform "win32" is incompatible with this module.
[         script:yarn] info "fsevents@2.3.1" is an optional dependency and failed compatibility check. Excluding it from installation.
[         script:yarn] [yarn]	info fsevents@1.2.13: The platform "win32" is incompatible with this module.
[         script:yarn] info "fsevents@1.2.13" is an optional dependency and failed compatibility check. Excluding it from installation.
[         script:yarn] [0m[yarn]	[3/4] Linking dependencies...
[         script:yarn] [yarn]	[4/4] Building fresh packages...
[         script:yarn] Error: [yarn]	warning Ignored scripts due to flag.
[         script:yarn] [yarn]	Done in 4.05s.
[ citizen-server-impl] Build tasks completed - starting resource webpack.
[    c-scripting-core] Creating script environments for webpack
[ citizen-server-impl] Running build tasks on resource screenshot-basic - it'll restart once completed.
[           resources] Started resource webpack
[         script:yarn] [yarn]	yarn install v1.22.5
[         script:yarn] [yarn]	[1/4] Resolving packages...
[         script:yarn] [yarn]	[2/4] Fetching packages...
[         script:yarn] [yarn]	info fsevents@2.3.1: The platform "win32" is incompatible with this module.
[         script:yarn] [yarn]	info "fsevents@2.3.1" is an optional dependency and failed compatibility check. Excluding it from installation.
[         script:yarn] [yarn]	info fsevents@1.2.13: The platform "win32" is incompatible with this module.
[         script:yarn] info "fsevents@1.2.13" is an optional dependency and failed compatibility check. Excluding it from installation.
[         script:yarn] [yarn]	[3/4] Linking dependencies...
[         script:yarn] [yarn]	[4/4] Building fresh packages...
[         script:yarn] Error: [yarn]	warning Ignored scripts due to flag.
[         script:yarn] [yarn]	Done in 5.99s.
[      script:webpack] screenshot-basic: started building client.config.js
[      script:webpack] webpack is busy: we are waiting to compile screenshot-basic (server.config.js)
[ citizen-server-impl] server thread hitch warning: timer interval of 374 milliseconds
[      script:webpack] screenshot-basic: built client.config.js
[      script:webpack] screenshot-basic: started building server.config.js
[      script:webpack] webpack is busy: we are waiting to compile screenshot-basic (ui.config.js)
[      script:webpack] screenshot-basic: built server.config.js
[      script:webpack] screenshot-basic: started building ui.config.js
[      script:webpack] screenshot-basic: built ui.config.js
[ citizen-server-impl] Build tasks completed - starting resource screenshot-basic.
[    c-scripting-core] Creating script environments for screenshot-basic
[           resources] Started resource screenshot-basic
[ script:connectqueue] QUEUE: MityTin[license:9109448fa2232a29669b399c8f2c226859153125] was placed 1/1 in queue
[ script:connectqueue] QUEUE: MityTin[license:9109448fa2232a29669b399c8f2c226859153125] is loading into the server
[      script:qb-core] [qb-core:LOG] MityTin PLAYER SAVED!
[script:qb-multichara] [qb-core] MityTin has successfully loaded!
[      script:qb-core] [qb-core:LOG] MityTin PLAYER SAVED!
[ citizen-server-main] -> Quitting: SIGHUP received

================================================================
======== FXServer Starting - 22:18:52, 22/5/2025                
================================================================
[           resources] Scanning resources.
[           resources] Found 98 resources.
[          svadhesive] Authenticating server license key...
[          svadhesive] Server license key authentication succeeded. Welcome!
[    c-scripting-core] Creating script environments for sessionmanager
[           resources] Started resource sessionmanager
[    c-scripting-core] Creating script environments for monitor
[      script:monitor] [txAdmin] Resource v6.0.2 threads and commands set up. All Ready.
[           resources] Started resource monitor
[    c-scripting-core] Creating script environments for mapmanager
[           resources] Started resource mapmanager
[    c-scripting-core] Creating script environments for chat
[           resources] Started resource chat
[           resources] Started resource spawnmanager
[   script:mapmanager] Started gametype Freeroam
[           resources] Started resource basic-gamemode
[    c-scripting-core] [97mCreating script environments for hardcap
[           resources] Started resource hardcap
[    c-scripting-core] Creating script environments for baseevents
[           resources] Started resource baseevents
[    c-scripting-core] [0mCreating script environments for oxmysql
[           resources] Started resource oxmysql
[    c-scripting-core] Creating script environments for qb-core
[      script:qb-core] Warning: Missing phrase for key: "command.dvall.help"
[      script:qb-core] Warning: Missing phrase for key: "command.dvp.help"
[      script:qb-core] Warning: Missing phrase for key: "command.dvo.help"
[           resources] Started resource qb-core
[           resources] Started resource menuv
[    c-scripting-core] Creating script environments for qb-adminmenu
[           resources] Started resource qb-adminmenu
[    c-scripting-core] Creating script environments for qb-ambulancejob
[script:qb-ambulancej] Warning: Missing phrase for key: "info.paleto_hospital"
[           resources] Started resource qb-ambulancejob
[           resources] Started resource qb-interior
[    c-scripting-core] Creating script environments for qb-clothing
[           resources] Started resource qb-clothing
[    c-scripting-core] Creating script environments for qb-weathersync
[           resources] Started resource qb-weathersync
[    c-scripting-core] Creating script environments for qb-apartments
[           resources] Started resource qb-apartments
[    c-scripting-core] Creating script environments for qb-banking
[           resources] Started resource qb-banking
[    c-scripting-core] Creating script environments for PolyZone
[           resources] Started resource PolyZone
[    c-scripting-core] Creating script environments for qb-bankrobbery
[           resources] Started resource qb-bankrobbery
[    c-scripting-core] Creating script environments for qb-busjob
[           resources] Started resource qb-busjob
[    c-scripting-core] Creating script environments for qb-cityhall
[38;5;83m[           resources] Started resource qb-cityhall
[    c-scripting-core] Creating script environments for qb-crafting
[           resources] Started resource qb-crafting
[           resources] Started resource qb-minigames
[    c-scripting-core] Creating script environments for qb-crypto
[           resources] Started resource qb-crypto
[    c-scripting-core] Creating script environments for qb-diving
[           resources] Started resource qb-diving
[    c-scripting-core] Creating script environments for qb-doorlock
[           resources] Started resource qb-doorlock
[    c-scripting-core] Creating script environments for qb-drugs
[           resources] Started resource qb-drugs
[    c-scripting-core] Creating script environments for qb-garages
[           resources] Started resource qb-garages
[    c-scripting-core] Creating script environments for qb-garbagejob
[           resources] Started resource qb-garbagejob
[    c-scripting-core] Creating script environments for qb-hotdogjob
[           resources] Started resource qb-hotdogjob
[    c-scripting-core] Creating script environments for qb-houserobbery
[           resources] [0mStarted resource qb-houserobbery
[    c-scripting-core] Creating script environments for qb-houses
[           resources] Started resource qb-houses
[    c-scripting-core] Creating script environments for qb-hud
[           resources] Started resource qb-hud
[           resources] Started resource qb-input
[    c-scripting-core] [97mCreating script environments for qb-weapons
[           resources] Started resource qb-weapons
[    c-scripting-core] Creating script environments for qb-inventory
[           resources] Started resource qb-inventory
[    c-scripting-core] Creating script environments for qb-jewelery
[           resources] Started resource qb-jewelery
[    c-scripting-core] [97mCreating script environments for qb-lapraces
[           resources] Started resource qb-lapraces
[           resources] Started resource qb-loading
[    c-scripting-core] [97mCreating script environments for qb-management
[           resources] Started resource qb-management
[    c-scripting-core] [97mCreating script environments for qb-mechanicjob
[           resources] Started resource qb-mechanicjob
[           resources] Started resource qb-menu
[    c-scripting-core] Creating script environments for qb-spawn
[           resources] Started resource qb-spawn
[    c-scripting-core] Creating script environments for qb-multicharacter
[           resources] Started resource qb-multicharacter
[    c-scripting-core] Creating script environments for qb-newsjob
[           resources] Started resource qb-newsjob
[    c-scripting-core] Creating script environments for qb-pawnshop
[           resources] Started resource qb-pawnshop
[    c-scripting-core] Creating script environments for qb-phone
[           resources] Started resource qb-phone
[    c-scripting-core] Creating script environments for qb-policejob
[           resources] Started resource qb-policejob
[    c-scripting-core] Creating script environments for qb-prison
[           resources] Started resource qb-prison
[    c-scripting-core] [97mCreating script environments for qb-radialmenu
[           resources] Started resource qb-radialmenu
[    c-scripting-core] Creating script environments for qb-recyclejob
[           resources] Started resource qb-recyclejob
[    c-scripting-core] Creating script environments for qb-scoreboard
[           resources] Started resource qb-scoreboard
[    c-scripting-core] [97mCreating script environments for qb-scrapyard
[           resources] Started resource qb-scrapyard
[    c-scripting-core] Creating script environments for qb-shops
[           resources] Started resource qb-shops
[    c-scripting-core] Creating script environments for qb-smallresources
[           resources] Started resource qb-smallresources
[    c-scripting-core] Creating script environments for qb-storerobbery
[           resources] Started resource qb-storerobbery
[    c-scripting-core] [0mCreating script environments for qb-streetraces
[           resources] Started resource qb-streetraces
[           resources] Started resource qb-target
[    c-scripting-core] [0mCreating script environments for qb-taxijob
[           resources] Started resource qb-taxijob
[    c-scripting-core] Creating script environments for qb-towjob
[           resources] Started resource qb-towjob
[    c-scripting-core] Creating script environments for qb-truckrobbery
[           resources] Started resource qb-truckrobbery
[    c-scripting-core] Creating script environments for qb-vehiclekeys
[           resources] Started resource qb-vehiclekeys
[    c-scripting-core] [97mCreating script environments for qb-vehiclesales
[           resources] [97mStarted resource qb-vehiclesales
[    c-scripting-core] [0mCreating script environments for qb-vehicleshop
[           resources] Started resource qb-vehicleshop
[    c-scripting-core] [0mCreating script environments for qb-vineyard
[           resources] Started resource qb-vineyard
[    c-scripting-core] Creating script environments for qb-weed
[           resources] Started resource qb-weed
[    c-scripting-core] Creating script environments for LegacyFuel
[           resources] Started resource LegacyFuel
[           resources] Started resource bob74_ipl
[    c-scripting-core] Creating script environments for connectqueue
[ script:connectqueue] QUEUE:  [connectqueue] Disabling hardcap 
[           resources] Stopping resource hardcap
[           resources] Started resource connectqueue
[    c-scripting-core] Creating script environments for interact-sound
[           resources] Started resource interact-sound
[           resources] Started resource progressbar
[           resources] Started resource safecracker
[38;5;161m[    c-scripting-core] Creating script environments for yarn
[           resources] Started resource yarn
[38;5;161m[    c-scripting-core] Creating script environments for webpack
[           resources] Started resource webpack
[    c-scripting-core] Creating script environments for screenshot-basic
[           resources] Started resource screenshot-basic
[    c-scripting-core] Creating script environments for pma-voice
[           resources] Started resource pma-voice
[    c-scripting-core] Creating script environments for qb-radio
[           resources] Started resource qb-radio
[           resources] Started resource dealer_map
[           resources] Started resource hospital_map
[           resources] Started resource prison_canteen
[resources:prison_mai] Asset prison_main/desertos_prison.ytd uses 30.5 MiB of physical memory.
[           resources] Started resource prison_main (1 warning)
[           resources] Started resource prison_meeting
[   script:mapmanager] Started map fivem-map-skater
[           resources] Started resource fivem-map-skater
[      script:oxmysql] [10.4.32-MariaDB] [32mDatabase server connection established!
[ citizen-server-impl]         fff                          
[38;5;73m[ citizen-server-impl]   cccc ff   xx  xx     rr rr    eee  
[ citizen-server-impl] cc     ffff   xx       rrr  r ee   e 
[ citizen-server-impl] cc     ff     xx   ... rr     eeeee  
[ citizen-server-impl]  ccccc ff   xx  xx ... rr      eeeee 
[ citizen-server-impl]                                      
[ citizen-server-impl] Authenticated with cfx.re Nucleus: https://hoan-tixi-elgd5a.users.cfx.re/
[ citizen-server-impl] server thread hitch warning: timer interval of 275 milliseconds
[ citizen-server-impl] server thread hitch warning: timer interval of 167 milliseconds
[ citizen-server-impl] server thread hitch warning: timer interval of 162 milliseconds
[ citizen-server-impl] server thread hitch warning: timer interval of 173 milliseconds
[ citizen-server-impl] server thread hitch warning: timer interval of 200 milliseconds
[ citizen-server-impl] server thread hitch warning: timer interval of 169 milliseconds
[ citizen-server-impl] server thread hitch warning: timer interval of 152 milliseconds
[ citizen-server-impl] server thread hitch warning: timer interval of 164 milliseconds
[ citizen-server-impl] server thread hitch warning: timer interval of 229 milliseconds
[ citizen-server-impl] server thread hitch warning: timer interval of 154 milliseconds
[ citizen-server-impl] server thread hitch warning: timer interval of 167 milliseconds
[ script:connectqueue] QUEUE: MityTin[license:9109448fa2232a29669b399c8f2c226859153125] was placed 1/1 in queue
[ script:connectqueue] QUEUE: MityTin[license:9109448fa2232a29669b399c8f2c226859153125] is loading into the server
> txaReportResources
[      script:monitor] [txAdmin] Sending resources list to txAdmin.
> ensure "qb-multicharacter"
[           resources] Stopping resource qb-multicharacter
[    c-scripting-core] Creating script environments for qb-multicharacter
[           resources] Started resource qb-multicharacter
> txaReportResources
[      script:monitor] [txAdmin][97m Sending resources list to txAdmin.
[ script:connectqueue] QUEUE: MityTin[license:9109448fa2232a29669b399c8f2c226859153125] was placed 1/1 in queue
[ script:connectqueue] QUEUE: MityTin[license:9109448fa2232a29669b399c8f2c226859153125] is loading into the server
[38;5;19m[    script:qb-crypto] Crypto not found, inserting new record for qbit
> ensure "qb-multicharacter"
[           resources] Stopping resource qb-multicharacter
[    c-scripting-core] Creating script environments for qb-multicharacter
[           resources] Started resource qb-multicharacter
> txaReportResources
[      script:monitor] [txAdmin] Sending resources list to txAdmin.
[ script:connectqueue] QUEUE: MityTin[license:9109448fa2232a29669b399c8f2c226859153125] was placed 1/1 in queue
[ script:connectqueue] QUEUE: MityTin[license:9109448fa2232a29669b399c8f2c226859153125] is loading into the server
[      script:qb-core] [qb-core:LOG] MityTin PLAYER SAVED!
[script:qb-multichara] [qb-core] MityTin (Citizen ID: JYC62969) has successfully loaded!
[38;5;134m[      script:qb-core] [qb-core:LOG] MityTin PLAYER SAVED!
[     script:qb-phone] Set your webhook to ensure that your camera will work!!!!!! Set this on line 9 of the server sided script!!!!!
[     script:qb-phone] Set your webhook to ensure that your camera will work!!!!!! Set this on line 9 of the server sided script!!!!!
[     script:qb-phone] Set your webhook to ensure that your camera will work!!!!!! Set this on line 9 of the server sided script!!!!!
[     script:qb-phone] Set your webhook to ensure that your camera will work!!!!!! Set this on line 9 of the server sided script!!!!!
> ensure "qb-phone"
[           resources] Stopping resource qb-phone
[    c-scripting-core] Creating script environments for qb-phone
[           resources] Started resource qb-phone
> txaReportResources
[      script:monitor] [txAdmin] Sending resources list to txAdmin.
[      script:qb-core] [qb-core:LOG] MityTin PLAYER SAVED!
> ensure "qb-phone"
[           resources] Stopping resource qb-phone
[    c-scripting-core] [97mCreating script environments for qb-phone
[           resources] Started resource qb-phone
> txaReportResources
[      script:monitor] [txAdmin] Sending resources list to txAdmin.
> ensure "qb-phone"
[           resources] Stopping resource qb-phone
[    c-scripting-core] Creating script environments for qb-phone
[           resources] Started resource qb-phone
> txaReportResources
[      script:monitor] [txAdmin] Sending resources list to txAdmin.
> txaReportResources
[      script:monitor] [txAdmin][97m Sending resources list to txAdmin.
> ensure "qb-phone"
[           resources] Stopping resource qb-phone
[    c-scripting-core] Creating script environments for qb-phone
[           resources] Started resource qb-phone
> txaReportResources
[      script:monitor] [txAdmin] Sending resources list to txAdmin.
> setgroup 3 admin
[                 cmd] No such command setgroup.
> setgroup admin 3
[                 cmd] No such command setgroup.
[      script:qb-core] [qb-core:LOG] MityTin PLAYER SAVED!
> txaEvent "announcement" "{＂message＂:＂cut ra 1＂,＂author＂:＂Hoan_Tixi＂}"
> txaEvent "serverShuttingDown" "{＂delay＂:5000,＂author＂:＂Hoan_Tixi＂,＂message＂:＂Server restarting (requested by Hoan_Tixi).＂}"
[      script:monitor] [0m[txAdmin] Server shutdown imminent. Kicking all players.
[      script:qb-core] [qb-core:LOG] MityTin PLAYER SAVED!

================================================================
======== FXServer Starting - 22:51:37, 22/5/2025                
================================================================
[           resources] Scanning resources.
[           resources] Found 98 resources.
[          svadhesive] Authenticating server license key...
[          svadhesive] Server license key authentication succeeded. Welcome!
[    c-scripting-core] Creating script environments for sessionmanager
[           resources] Started resource sessionmanager
[    c-scripting-core] Creating script environments for monitor
[      script:monitor] [txAdmin] Resource v6.0.2 threads and commands set up. All Ready.
[           resources] [97mStarted resource monitor
[    c-scripting-core] Creating script environments for mapmanager
[           resources] Started resource mapmanager
[    c-scripting-core] [0mCreating script environments for chat
[           resources] Started resource chat
[           resources] Started resource spawnmanager
[   script:mapmanager] [0mStarted gametype Freeroam
[           resources] Started resource basic-gamemode
[    c-scripting-core] [97mCreating script environments for hardcap
[           resources] Started resource hardcap
[    c-scripting-core] Creating script environments for baseevents
[           resources] Started resource baseevents
[    c-scripting-core] Creating script environments for oxmysql
[           resources] Started resource oxmysql
[    c-scripting-core] Creating script environments for qb-core
[      script:qb-core] Warning: Missing phrase for key: "command.dvall.help"
[      script:qb-core] Warning: Missing phrase for key: "command.dvp.help"
[      script:qb-core] Warning: Missing phrase for key: "command.dvo.help"
[           resources] Started resource qb-core
[           resources] Started resource menuv
[    c-scripting-core] Creating script environments for qb-adminmenu
[           resources] Started resource qb-adminmenu
[    c-scripting-core] Creating script environments for qb-ambulancejob
[script:qb-ambulancej] Warning: Missing phrase for key: "info.paleto_hospital"
[           resources] Started resource qb-ambulancejob
[           resources] Started resource qb-interior
[    c-scripting-core] Creating script environments for qb-clothing
[           resources] Started resource qb-clothing
[    c-scripting-core] Creating script environments for qb-weathersync
[           resources] Started resource qb-weathersync
[    c-scripting-core] Creating script environments for qb-apartments
[           resources] Started resource qb-apartments
[    c-scripting-core] Creating script environments for qb-banking
[           resources] Started resource qb-banking
[    c-scripting-core] Creating script environments for PolyZone
[           resources] Started resource PolyZone
[    c-scripting-core] Creating script environments for qb-bankrobbery
[           resources] Started resource qb-bankrobbery
[    c-scripting-core] Creating script environments for qb-busjob
[           resources] Started resource qb-busjob
[    c-scripting-core] Creating script environments for qb-cityhall
[           resources] Started resource qb-cityhall
[    c-scripting-core] Creating script environments for qb-crafting
[           resources] Started resource qb-crafting
[           resources] [97mStarted resource qb-minigames
[    c-scripting-core] Creating script environments for qb-crypto
[           resources] Started resource qb-crypto
[    c-scripting-core] Creating script environments for qb-diving
[           resources] Started resource qb-diving
[    c-scripting-core] Creating script environments for qb-doorlock
[           resources] Started resource qb-doorlock
[    c-scripting-core] Creating script environments for qb-drugs
[           resources] Started resource qb-drugs
[    c-scripting-core] Creating script environments for qb-garages
[           resources] Started resource qb-garages
[    c-scripting-core] Creating script environments for qb-garbagejob
[           resources] Started resource qb-garbagejob
[    c-scripting-core] Creating script environments for qb-hotdogjob
[           resources] Started resource qb-hotdogjob
[    c-scripting-core] Creating script environments for qb-houserobbery
[           resources] Started resource qb-houserobbery
[    c-scripting-core] Creating script environments for qb-houses
[           resources] Started resource qb-houses
[    c-scripting-core] Creating script environments for qb-hud
[           resources] Started resource qb-hud
[           resources] Started resource qb-input
[    c-scripting-core] Creating script environments for qb-weapons
[           resources] Started resource qb-weapons
[    c-scripting-core] Creating script environments for qb-inventory
[           resources] Started resource qb-inventory
[    c-scripting-core] Creating script environments for qb-jewelery
[           resources] Started resource qb-jewelery
[    c-scripting-core] Creating script environments for qb-lapraces
[           resources] Started resource qb-lapraces
[           resources] Started resource qb-loading
[    c-scripting-core] Creating script environments for qb-management
[           resources] Started resource qb-management
[    c-scripting-core] Creating script environments for qb-mechanicjob
[           resources] Started resource qb-mechanicjob
[           resources] Started resource qb-menu
[    c-scripting-core] Creating script environments for qb-spawn
[           resources] Started resource qb-spawn
[    c-scripting-core] Creating script environments for qb-multicharacter
[           resources] Started resource qb-multicharacter
[    c-scripting-core] Creating script environments for qb-newsjob
[           resources] Started resource qb-newsjob
[    c-scripting-core] Creating script environments for qb-pawnshop
[           resources] Started resource qb-pawnshop
[    c-scripting-core] Creating script environments for qb-phone
[           resources] Started resource qb-phone
[    c-scripting-core] Creating script environments for qb-policejob
[           resources] Started resource qb-policejob
[    c-scripting-core] Creating script environments for qb-prison
[           resources] Started resource qb-prison
[    c-scripting-core] Creating script environments for qb-radialmenu
[           resources] Started resource qb-radialmenu
[    c-scripting-core] Creating script environments for qb-recyclejob
[           resources] Started resource qb-recyclejob
[    c-scripting-core] Creating script environments for qb-scoreboard
[           resources] Started resource qb-scoreboard
[    c-scripting-core] [97mCreating script environments for qb-scrapyard
[           resources] Started resource qb-scrapyard
[    c-scripting-core] Creating script environments for qb-shops
[           resources] [0mStarted resource qb-shops
[    c-scripting-core] Creating script environments for qb-smallresources
[           resources] Started resource qb-smallresources
[    c-scripting-core] Creating script environments for qb-storerobbery
[38;5;83m[           resources] Started resource qb-storerobbery
[    c-scripting-core] Creating script environments for qb-streetraces
[           resources] Started resource qb-streetraces
[           resources] [0mStarted resource qb-target
[    c-scripting-core] [97mCreating script environments for qb-taxijob
[           resources] Started resource qb-taxijob
[    c-scripting-core] [97mCreating script environments for qb-towjob
[           resources] Started resource qb-towjob
[    c-scripting-core] Creating script environments for qb-truckrobbery
[           resources] Started resource qb-truckrobbery
[    c-scripting-core] Creating script environments for qb-vehiclekeys
[           resources] Started resource qb-vehiclekeys
[    c-scripting-core] Creating script environments for qb-vehiclesales
[           resources] Started resource qb-vehiclesales
[    c-scripting-core] Creating script environments for qb-vehicleshop
[           resources] Started resource qb-vehicleshop
[    c-scripting-core] Creating script environments for qb-vineyard
[           resources] Started resource qb-vineyard
[    c-scripting-core] Creating script environments for qb-weed
[           resources] Started resource qb-weed
[    c-scripting-core] Creating script environments for LegacyFuel
[           resources] Started resource LegacyFuel
[           resources] Started resource bob74_ipl
[    c-scripting-core] Creating script environments for connectqueue
[ script:connectqueue] [0mQUEUE:  [connectqueue] Disabling hardcap 
[           resources] Stopping resource hardcap
[           resources] Started resource connectqueue
[    c-scripting-core] Creating script environments for interact-sound
[           resources] Started resource interact-sound
[           resources] Started resource progressbar
[           resources] Started resource safecracker
[    c-scripting-core] Creating script environments for yarn
[           resources] Started resource yarn
[    c-scripting-core] Creating script environments for webpack
[           resources] Started resource webpack
[    c-scripting-core] Creating script environments for screenshot-basic
[           resources] Started resource screenshot-basic
[    c-scripting-core] Creating script environments for pma-voice
[           resources] Started resource pma-voice
[    c-scripting-core] Creating script environments for qb-radio
[           resources] Started resource qb-radio
[           resources] Started resource dealer_map
[           resources] Started resource hospital_map
[           resources] Started resource prison_canteen
[resources:prison_mai] Asset prison_main/desertos_prison.ytd uses 30.5 MiB of physical memory.
[           resources] Started resource prison_main (1 warning)
[           resources] Started resource prison_meeting
[   script:mapmanager] Started map fivem-map-hipster
[           resources] Started resource fivem-map-hipster
[      script:oxmysql] [10.4.32-MariaDB] Database server connection established!
[ citizen-server-impl]         fff                          
[ citizen-server-impl]   cccc ff   xx  xx     rr rr    eee  
[ citizen-server-impl] cc     ffff   xx       rrr  r ee   e 
[ citizen-server-impl] cc     ff     xx   ... rr     eeeee  
[ citizen-server-impl]  ccccc ff   xx  xx ... rr      eeeee 
[ citizen-server-impl]                                      
[ citizen-server-impl] Authenticated with cfx.re Nucleus: https://hoan-tixi-elgd5a.users.cfx.re/
[38;5;73m[ citizen-server-impl] server thread hitch warning: timer interval of 162 milliseconds
[ citizen-server-impl] Server list query returned an error: System.Net.Sockets.SocketException: Operation timed out <- System.Net.Http.HttpRequestException: Operation timed out (126.64.147.130:30120)
> txaEvent "serverShuttingDown" "{＂delay＂:5000,＂author＂:＂Hoan_Tixi＂,＂message＂:＂Server restarting (requested by Hoan_Tixi).＂}"
[      script:monitor] [txAdmin] Server shutdown imminent. Kicking all players.

================================================================
======== FXServer Starting - 23:00:31, 22/5/2025                
================================================================
[           resources] Scanning resources.
[           resources] Found 98 resources.
[          svadhesive] Authenticating server license key...
[          svadhesive] Server license key authentication succeeded. Welcome!
[    c-scripting-core] Creating script environments for sessionmanager
[           resources] Started resource sessionmanager
[    c-scripting-core] [0mCreating script environments for monitor
[      script:monitor] [txAdmin] Resource v6.0.2 threads and commands set up. All Ready.
[           resources] [0mStarted resource monitor
[    c-scripting-core] Creating script environments for mapmanager
[           resources] Started resource mapmanager
[    c-scripting-core] Creating script environments for chat
[           resources] Started resource chat
[           resources] Started resource spawnmanager
[   script:mapmanager] [97mStarted gametype Freeroam
[           resources] Started resource basic-gamemode
[    c-scripting-core] Creating script environments for hardcap
[           resources] Started resource hardcap
[    c-scripting-core] Creating script environments for baseevents
[           resources] Started resource baseevents
[    c-scripting-core] Creating script environments for oxmysql
[           resources] Started resource oxmysql
[    c-scripting-core] Creating script environments for qb-core
[      script:qb-core] Warning: Missing phrase for key: "command.dvall.help"
[      script:qb-core] Warning: Missing phrase for key: "command.dvp.help"
[      script:qb-core] Warning: Missing phrase for key: "command.dvo.help"
[           resources] Started resource qb-core
[           resources] Started resource menuv
[    c-scripting-core] Creating script environments for qb-adminmenu
[           resources] Started resource qb-adminmenu
[    c-scripting-core] Creating script environments for qb-ambulancejob
[script:qb-ambulancej] Warning: Missing phrase for key: "info.paleto_hospital"
[           resources] Started resource qb-ambulancejob
[           resources] Started resource qb-interior
[    c-scripting-core] Creating script environments for qb-clothing
[           resources] Started resource qb-clothing
[    c-scripting-core] Creating script environments for qb-weathersync
[           resources] Started resource qb-weathersync
[    c-scripting-core] Creating script environments for qb-apartments
[           resources] Started resource qb-apartments
[    c-scripting-core] Creating script environments for qb-banking
[           resources] Started resource qb-banking
[    c-scripting-core] Creating script environments for PolyZone
[           resources] Started resource PolyZone
[    c-scripting-core] Creating script environments for qb-bankrobbery
[           resources] Started resource qb-bankrobbery
[    c-scripting-core] Creating script environments for qb-busjob
[           resources] Started resource qb-busjob
[    c-scripting-core] Creating script environments for qb-cityhall
[           resources] Started resource qb-cityhall
[    c-scripting-core] [0mCreating script environments for qb-crafting
[           resources] Started resource qb-crafting
[           resources] [0mStarted resource qb-minigames
[    c-scripting-core] Creating script environments for qb-crypto
[           resources] Started resource qb-crypto
[    c-scripting-core] Creating script environments for qb-diving
[           resources] Started resource qb-diving
[    c-scripting-core] Creating script environments for qb-doorlock
[           resources] [97mStarted resource qb-doorlock
[    c-scripting-core] Creating script environments for qb-drugs
[           resources] Started resource qb-drugs
[    c-scripting-core] [97mCreating script environments for qb-garages
[           resources] Started resource qb-garages
[    c-scripting-core] Creating script environments for qb-garbagejob
[           resources] Started resource qb-garbagejob
[    c-scripting-core] Creating script environments for qb-hotdogjob
[           resources] Started resource qb-hotdogjob
[    c-scripting-core] Creating script environments for qb-houserobbery
[           resources] Started resource qb-houserobbery
[    c-scripting-core] Creating script environments for qb-houses
[           resources] Started resource qb-houses
[    c-scripting-core] Creating script environments for qb-hud
[           resources] Started resource qb-hud
[           resources] Started resource qb-input
[    c-scripting-core] Creating script environments for qb-weapons
[           resources] Started resource qb-weapons
[    c-scripting-core] Creating script environments for qb-inventory
[           resources] Started resource qb-inventory
[    c-scripting-core] Creating script environments for qb-jewelery
[           resources] Started resource qb-jewelery
[    c-scripting-core] [97mCreating script environments for qb-lapraces
[           resources] Started resource qb-lapraces
[           resources] Started resource qb-loading
[    c-scripting-core] Creating script environments for qb-management
[           resources] Started resource qb-management
[    c-scripting-core] Creating script environments for qb-mechanicjob
[           resources] [97mStarted resource qb-mechanicjob
[           resources] Started resource qb-menu
[    c-scripting-core] Creating script environments for qb-spawn
[           resources] Started resource qb-spawn
[    c-scripting-core] [97mCreating script environments for qb-multicharacter
[           resources] Started resource qb-multicharacter
[    c-scripting-core] Creating script environments for qb-newsjob
[           resources] Started resource qb-newsjob
[    c-scripting-core] Creating script environments for qb-pawnshop
[38;5;83m[           resources] Started resource qb-pawnshop
[    c-scripting-core] Creating script environments for qb-phone
[           resources] Started resource qb-phone
[    c-scripting-core] Creating script environments for qb-policejob
[           resources] Started resource qb-policejob
[    c-scripting-core] Creating script environments for qb-prison
[           resources] Started resource qb-prison
[    c-scripting-core] Creating script environments for qb-radialmenu
[           resources] Started resource qb-radialmenu
[    c-scripting-core] Creating script environments for qb-recyclejob
[           resources] Started resource qb-recyclejob
[    c-scripting-core] Creating script environments for qb-scoreboard
[           resources] Started resource qb-scoreboard
[    c-scripting-core] [97mCreating script environments for qb-scrapyard
[           resources] Started resource qb-scrapyard
[    c-scripting-core] Creating script environments for qb-shops
[           resources] Started resource qb-shops
[    c-scripting-core] Creating script environments for qb-smallresources
[           resources] [0mStarted resource qb-smallresources
[    c-scripting-core] Creating script environments for qb-storerobbery
[           resources] Started resource qb-storerobbery
[    c-scripting-core] [97mCreating script environments for qb-streetraces
[           resources] Started resource qb-streetraces
[           resources] Started resource qb-target
[    c-scripting-core] [97mCreating script environments for qb-taxijob
[           resources] Started resource qb-taxijob
[    c-scripting-core] Creating script environments for qb-towjob
[           resources] Started resource qb-towjob
[    c-scripting-core] Creating script environments for qb-truckrobbery
[           resources] Started resource qb-truckrobbery
[    c-scripting-core] Creating script environments for qb-vehiclekeys
[38;5;83m[           resources] Started resource qb-vehiclekeys
[    c-scripting-core] [97mCreating script environments for qb-vehiclesales
[           resources] Started resource qb-vehiclesales
[    c-scripting-core] [0mCreating script environments for qb-vehicleshop
[           resources] Started resource qb-vehicleshop
[    c-scripting-core] Creating script environments for qb-vineyard
[           resources] Started resource qb-vineyard
[    c-scripting-core] [0mCreating script environments for qb-weed
[           resources] Started resource qb-weed
[    c-scripting-core] Creating script environments for LegacyFuel
[           resources] Started resource LegacyFuel
[           resources] Started resource bob74_ipl
[    c-scripting-core] Creating script environments for connectqueue
[ script:connectqueue] QUEUE:  [connectqueue] Disabling hardcap 
[           resources] Stopping resource hardcap
[           resources] Started resource connectqueue
[    c-scripting-core] Creating script environments for interact-sound
[           resources] Started resource interact-sound
[           resources] Started resource progressbar
[           resources] Started resource safecracker
[    c-scripting-core] Creating script environments for yarn
[           resources] Started resource yarn
[    c-scripting-core] Creating script environments for webpack
[           resources] Started resource webpack
[    c-scripting-core] Creating script environments for screenshot-basic
[           resources] Started resource screenshot-basic
[    c-scripting-core] Creating script environments for pma-voice
[           resources] Started resource pma-voice
[    c-scripting-core] Creating script environments for qb-radio
[           resources] Started resource qb-radio
[           resources] Started resource dealer_map
[           resources] Started resource hospital_map
[           resources] Started resource prison_canteen
[resources:prison_mai] Asset prison_main/desertos_prison.ytd uses 30.5 MiB of physical memory.
[           resources] Started resource prison_main (1 warning)
[           resources] Started resource prison_meeting
[   script:mapmanager] Started map fivem-map-skater
[           resources] Started resource fivem-map-skater
[      script:oxmysql] [10.4.32-MariaDB] Database server connection established!
[ citizen-server-impl]         fff                          
[38;5;73m[ citizen-server-impl]   cccc ff   xx  xx     rr rr    eee  
[ citizen-server-impl] cc     ffff   xx       rrr  r ee   e 
[ citizen-server-impl] cc     ff     xx   ... rr     eeeee  
[ citizen-server-impl]  ccccc ff   xx  xx ... rr      eeeee 
[ citizen-server-impl]                                      
[ citizen-server-impl] Authenticated with cfx.re Nucleus: https://hoan-tixi-elgd5a.users.cfx.re/
[ script:connectqueue] QUEUE: MityTin[steam:110000141879aec] was placed 1/1 in queue
[ script:connectqueue] QUEUE: MityTin[steam:110000141879aec] is loading into the server
[      script:qb-core] [0m[qb-core:LOG] MityTin PLAYER SAVED!
[script:qb-multichara] [qb-core] MityTin has successfully loaded!
[      script:qb-core] [qb-core:LOG] MityTin PLAYER SAVED!
[38;5;73m[ citizen-server-impl] server thread hitch warning: timer interval of 151 milliseconds
[      script:qb-core] [qb-core:LOG] MityTin PLAYER SAVED!
[      script:qb-core] [qb-core:LOG] MityTin PLAYER SAVED!

================================================================
======== FXServer Starting - 23:19:09, 22/5/2025                
================================================================
[           resources] Scanning resources.
[           resources] Found 98 resources.
[          svadhesive] Authenticating server license key...
[          svadhesive] Server license key authentication succeeded. Welcome!
[    c-scripting-core] Creating script environments for sessionmanager
[           resources] Started resource sessionmanager
[    c-scripting-core] [0mCreating script environments for monitor
[      script:monitor] [txAdmin] Resource v6.0.2 threads and commands set up. All Ready.
[           resources] Started resource monitor
[    c-scripting-core] Creating script environments for mapmanager
[           resources] Started resource mapmanager
[    c-scripting-core] Creating script environments for chat
[           resources] Started resource chat
[           resources] Started resource spawnmanager
[   script:mapmanager] Started gametype Freeroam
[           resources] Started resource basic-gamemode
[    c-scripting-core] Creating script environments for hardcap
[           resources] Started resource hardcap
[38;5;161m[    c-scripting-core] Creating script environments for baseevents
[           resources] Started resource baseevents
[    c-scripting-core] Creating script environments for oxmysql
[           resources] Started resource oxmysql
[    c-scripting-core] Creating script environments for qb-core
[      script:qb-core] Warning: Missing phrase for key: "command.dvall.help"
[      script:qb-core] Warning: Missing phrase for key: "command.dvp.help"
[      script:qb-core] Warning: Missing phrase for key: "command.dvo.help"
[           resources] Started resource qb-core
[           resources] Started resource menuv
[    c-scripting-core] Creating script environments for qb-adminmenu
[           resources] Started resource qb-adminmenu
[    c-scripting-core] Creating script environments for qb-ambulancejob
[script:qb-ambulancej] Warning: Missing phrase for key: "info.paleto_hospital"
[           resources] Started resource qb-ambulancejob
[           resources] Started resource qb-interior
[    c-scripting-core] Creating script environments for qb-clothing
[           resources] Started resource qb-clothing
[    c-scripting-core] Creating script environments for qb-weathersync
[           resources] Started resource qb-weathersync
[    c-scripting-core] Creating script environments for qb-apartments
[           resources] Started resource qb-apartments
[    c-scripting-core] Creating script environments for qb-banking
[           resources] Started resource qb-banking
[    c-scripting-core] Creating script environments for PolyZone
[           resources] Started resource PolyZone
[    c-scripting-core] Creating script environments for qb-bankrobbery
[           resources] [0mStarted resource qb-bankrobbery
[    c-scripting-core] [0mCreating script environments for qb-busjob
[           resources] Started resource qb-busjob
[    c-scripting-core] Creating script environments for qb-cityhall
[           resources] Started resource qb-cityhall
[    c-scripting-core] Creating script environments for qb-crafting
[           resources] Started resource qb-crafting
[           resources] Started resource qb-minigames
[    c-scripting-core] Creating script environments for qb-crypto
[           resources] Started resource qb-crypto
[    c-scripting-core] [97mCreating script environments for qb-diving
[           resources] Started resource qb-diving
[    c-scripting-core] Creating script environments for qb-doorlock
[           resources] Started resource qb-doorlock
[    c-scripting-core] Creating script environments for qb-drugs
[           resources] Started resource qb-drugs
[    c-scripting-core] Creating script environments for qb-garages
[           resources] Started resource qb-garages
[    c-scripting-core] Creating script environments for qb-garbagejob
[           resources] Started resource qb-garbagejob
[    c-scripting-core] Creating script environments for qb-hotdogjob
[           resources] Started resource qb-hotdogjob
[    c-scripting-core] Creating script environments for qb-houserobbery
[           resources] Started resource qb-houserobbery
[    c-scripting-core] Creating script environments for qb-houses
[           resources] Started resource qb-houses
[    c-scripting-core] Creating script environments for qb-hud
[           resources] Started resource qb-hud
[           resources] Started resource qb-input
[    c-scripting-core] Creating script environments for qb-weapons
[           resources] Started resource qb-weapons
[    c-scripting-core] [0mCreating script environments for qb-inventory
[           resources] Started resource qb-inventory
[    c-scripting-core] Creating script environments for qb-jewelery
[           resources] Started resource qb-jewelery
[    c-scripting-core] Creating script environments for qb-lapraces
[           resources] [0mStarted resource qb-lapraces
[           resources] Started resource qb-loading
[    c-scripting-core] Creating script environments for qb-management
[           resources] Started resource qb-management
[    c-scripting-core] Creating script environments for qb-mechanicjob
[           resources] Started resource qb-mechanicjob
[           resources] Started resource qb-menu
[    c-scripting-core] Creating script environments for qb-spawn
[           resources] Started resource qb-spawn
[    c-scripting-core] [97mCreating script environments for qb-multicharacter
[           resources] Started resource qb-multicharacter
[    c-scripting-core] Creating script environments for qb-newsjob
[           resources] Started resource qb-newsjob
[    c-scripting-core] Creating script environments for qb-pawnshop
[           resources] Started resource qb-pawnshop
[    c-scripting-core] Creating script environments for qb-phone
[           resources] Started resource qb-phone
[    c-scripting-core] Creating script environments for qb-policejob
[           resources] Started resource qb-policejob
[    c-scripting-core] Creating script environments for qb-prison
[           resources] Started resource qb-prison
[    c-scripting-core] Creating script environments for qb-radialmenu
[           resources] Started resource qb-radialmenu
[    c-scripting-core] Creating script environments for qb-recyclejob
[           resources] Started resource qb-recyclejob
[    c-scripting-core] Creating script environments for qb-scoreboard
[           resources] Started resource qb-scoreboard
[    c-scripting-core] Creating script environments for qb-scrapyard
[           resources] Started resource qb-scrapyard
[    c-scripting-core] Creating script environments for qb-shops
[           resources] Started resource qb-shops
[    c-scripting-core] [0mCreating script environments for qb-smallresources
[           resources] Started resource qb-smallresources
[    c-scripting-core] Creating script environments for qb-storerobbery
[           resources] Started resource qb-storerobbery
[    c-scripting-core] Creating script environments for qb-streetraces
[           resources] Started resource qb-streetraces
[           resources] [97mStarted resource qb-target
[    c-scripting-core] Creating script environments for qb-taxijob
[           resources] Started resource qb-taxijob
[    c-scripting-core] Creating script environments for qb-towjob
[           resources] Started resource qb-towjob
[    c-scripting-core] Creating script environments for qb-truckrobbery
[           resources] Started resource qb-truckrobbery
[    c-scripting-core] Creating script environments for qb-vehiclekeys
[           resources] [0mStarted resource qb-vehiclekeys
[    c-scripting-core] Creating script environments for qb-vehiclesales
[           resources] [0mStarted resource qb-vehiclesales
[    c-scripting-core] Creating script environments for qb-vehicleshop
[           resources] Started resource qb-vehicleshop
[    c-scripting-core] Creating script environments for qb-vineyard
[           resources] Started resource qb-vineyard
[    c-scripting-core] Creating script environments for qb-weed
[           resources] Started resource qb-weed
[    c-scripting-core] Creating script environments for LegacyFuel
[           resources] Started resource LegacyFuel
[           resources] Started resource bob74_ipl
[    c-scripting-core] [97mCreating script environments for connectqueue
[ script:connectqueue] QUEUE:  [connectqueue] Disabling hardcap 
[           resources] Stopping resource hardcap
[           resources] Started resource connectqueue
[    c-scripting-core] Creating script environments for interact-sound
[           resources] [0mStarted resource interact-sound
[           resources] Started resource progressbar
[           resources] Started resource safecracker
[    c-scripting-core] Creating script environments for yarn
[           resources] Started resource yarn
[    c-scripting-core] Creating script environments for webpack
[           resources] Started resource webpack
[    c-scripting-core] Creating script environments for screenshot-basic
[           resources] [0mStarted resource screenshot-basic
[    c-scripting-core] Creating script environments for pma-voice
[           resources] Started resource pma-voice
[    c-scripting-core] Creating script environments for qb-radio
[           resources] Started resource qb-radio
[           resources] Started resource dealer_map
[           resources] Started resource hospital_map
[           resources] Started resource prison_canteen
[resources:prison_mai] Asset prison_main/desertos_prison.ytd uses 30.5 MiB of physical memory.
[           resources] Started resource prison_main (1 warning)
[           resources] Started resource prison_meeting
[   script:mapmanager] Started map fivem-map-skater
[           resources] Started resource fivem-map-skater
[      script:oxmysql] [10.4.32-MariaDB] Database server connection established!
[ citizen-server-impl]         fff                          
[ citizen-server-impl]   cccc ff   xx  xx     rr rr    eee  
[ citizen-server-impl] cc     ffff   xx       rrr  r ee   e 
[ citizen-server-impl] cc     ff     xx   ... rr     eeeee  
[ citizen-server-impl]  ccccc ff   xx  xx ... rr      eeeee 
[ citizen-server-impl]                                      
[ citizen-server-impl] Authenticated with cfx.re Nucleus: https://hoan-tixi-elgd5a.users.cfx.re/
> txaReportResources
[      script:monitor] [txAdmin] Sending resources list to txAdmin.
> txaReportResources
[      script:monitor] [txAdmin] Sending resources list to txAdmin.
> txaReportResources
[      script:monitor] [txAdmin] Sending resources list to txAdmin.
[ citizen-server-impl] server thread hitch warning: timer interval of 209 milliseconds
[ script:connectqueue] QUEUE: hoan2108[steam:11000013ff93d13] was placed 1/1 in queue
[ script:connectqueue] QUEUE: hoan2108[steam:11000013ff93d13] is loading into the server
[ script:connectqueue] QUEUE: MityTin[steam:110000141879aec] was placed 1/1 in queue
[ script:connectqueue] QUEUE: MityTin[steam:110000141879aec] is loading into the server
> txaReportResources
[      script:monitor] [txAdmin] Sending resources list to txAdmin.
> setgourp admin 2
[                 cmd] No such command setgourp.
