
================================================================
======== Log Rotated - 00:00:00, 23/5/2025                      
================================================================
[00:03:22] [eDfMi#2] MityTin: disconnected (Exiting)
[00:09:32] [eDfMi#4] hoan2108: joined with identifiers [steam:11000013ff93d13; license:e69768fc5ff1a0004083f16d36044a39ee2728e9; xbl:2535426955445747; live:914798824294715; discord:1250781281063800885; fivem:16931317; license2:e69768fc5ff1a0004083f16d36044a39ee2728e9]
[00:09:56] [eDfMi#4] hoan2108: disconnected (Game crashed: d3d11.dll!??$TID3D11DeviceContext_RSSetState_@$00@CContext@@SAXPEAUID3D11DeviceContext5@@PEAUID3D11RasterizerState@@@Z (0x3))
[00:14:34] [eDfMi#5] hoan2108: joined with identifiers [steam:11000013ff93d13; license:e69768fc5ff1a0004083f16d36044a39ee2728e9; xbl:2535426955445747; live:914798824294715; discord:1250781281063800885; fivem:16931317; license2:e69768fc5ff1a0004083f16d36044a39ee2728e9]
[00:14:58] [eDfMi#5] hoan2108: disconnected (Game crashed: d3d11.dll!??$TID3D11DeviceContext_RSSetState_@$00@CContext@@SAXPEAUID3D11DeviceContext5@@PEAUID3D11RasterizerState@@@Z (0x0))
[00:17:08] [eDfMi#6] hoan2108: joined with identifiers [steam:11000013ff93d13; license:e69768fc5ff1a0004083f16d36044a39ee2728e9; xbl:2535426955445747; live:914798824294715; discord:1250781281063800885; fivem:16931317; license2:e69768fc5ff1a0004083f16d36044a39ee2728e9]
[00:29:30] [eDfMi#6] hoan2108: died from suicide (Falling)
[00:49:53] [eDfMi#6] hoan2108: died from suicide (Drowned in Vehicle)

================================================================
======== txAdmin Starting - 12:49:06, 23/5/2025                 
================================================================
[12:49:21] txAdmin: Logger started

================================================================
======== txAdmin Starting - 12:49:59, 23/5/2025                 
================================================================
[12:50:13] txAdmin: Logger started
[12:51:43] txAdmin: Logger started
[13:03:04] [GRBAt#1] hoan2108: joined with identifiers [steam:11000013ff93d13; license:e69768fc5ff1a0004083f16d36044a39ee2728e9; xbl:2535426955445747; live:914798824294715; discord:1250781281063800885; fivem:16931317; license2:e69768fc5ff1a0004083f16d36044a39ee2728e9]
[13:03:28] [GRBAt#1] hoan2108: disconnected (Game crashed: d3d11.dll!??$TID3D11DeviceContext_RSSetState_@$00@CContext@@SAXPEAUID3D11DeviceContext5@@PEAUID3D11RasterizerState@@@Z (0x0))
[13:04:56] [GRBAt#2] hoan2108: joined with identifiers [steam:11000013ff93d13; license:e69768fc5ff1a0004083f16d36044a39ee2728e9; xbl:2535426955445747; live:914798824294715; discord:1250781281063800885; fivem:16931317; license2:e69768fc5ff1a0004083f16d36044a39ee2728e9]
[13:05:19] [GRBAt#2] hoan2108: disconnected (Game crashed: d3d11.dll!??$TID3D11DeviceContext_RSSetState_@$00@CContext@@SAXPEAUID3D11DeviceContext5@@PEAUID3D11RasterizerState@@@Z (0x0))
[13:06:01] [GRBAt#3] hoan2108: joined with identifiers [steam:11000013ff93d13; license:e69768fc5ff1a0004083f16d36044a39ee2728e9; xbl:2535426955445747; live:914798824294715; discord:1250781281063800885; fivem:16931317; license2:e69768fc5ff1a0004083f16d36044a39ee2728e9]
[13:33:38] [GRBAt#3] hoan2108: disconnected (Exiting)
[14:10:56] txAdmin: Logger started
[14:12:23] txAdmin: Logger started
[14:12:53] [JXxDt#1] hoan2108: joined with identifiers [steam:11000013ff93d13; license:e69768fc5ff1a0004083f16d36044a39ee2728e9; xbl:2535426955445747; live:914798824294715; discord:1250781281063800885; fivem:16931317; license2:e69768fc5ff1a0004083f16d36044a39ee2728e9]
[14:16:27] [JXxDt#1] hoan2108: disconnected (Exiting)
[14:16:59] [JXxDt#2] hoan2108: joined with identifiers [steam:11000013ff93d13; license:e69768fc5ff1a0004083f16d36044a39ee2728e9; xbl:2535426955445747; live:914798824294715; discord:1250781281063800885; fivem:16931317; license2:e69768fc5ff1a0004083f16d36044a39ee2728e9]
[14:18:35] [JXxDt#2] hoan2108: disconnected (Exiting)
[14:19:10] [JXxDt#3] hoan2108: joined with identifiers [steam:11000013ff93d13; license:e69768fc5ff1a0004083f16d36044a39ee2728e9; xbl:2535426955445747; live:914798824294715; discord:1250781281063800885; fivem:16931317; license2:e69768fc5ff1a0004083f16d36044a39ee2728e9]
[14:22:05] [JXxDt#3] hoan2108: disconnected ([txAdmin] Server restarting (requested by Hoan_Tixi).)
[14:22:16] txAdmin: Logger started
[14:22:46] [Gd7eb#1] hoan2108: joined with identifiers [steam:11000013ff93d13; license:e69768fc5ff1a0004083f16d36044a39ee2728e9; xbl:2535426955445747; live:914798824294715; discord:1250781281063800885; fivem:16931317; license2:e69768fc5ff1a0004083f16d36044a39ee2728e9]
[14:25:28] [Gd7eb#1] hoan2108: disconnected (Exiting)
[14:25:43] txAdmin: Logger started
[14:26:14] [h4XVd#1] hoan2108: joined with identifiers [steam:11000013ff93d13; license:e69768fc5ff1a0004083f16d36044a39ee2728e9; xbl:2535426955445747; live:914798824294715; discord:1250781281063800885; fivem:16931317; license2:e69768fc5ff1a0004083f16d36044a39ee2728e9]
[14:28:00] [h4XVd#1] hoan2108: disconnected (Exiting)
[14:28:29] [h4XVd#2] hoan2108: joined with identifiers [steam:11000013ff93d13; license:e69768fc5ff1a0004083f16d36044a39ee2728e9; xbl:2535426955445747; live:914798824294715; discord:1250781281063800885; fivem:16931317; license2:e69768fc5ff1a0004083f16d36044a39ee2728e9]
[14:29:22] [h4XVd#2] hoan2108: disconnected (Exiting)
[14:29:49] [h4XVd#3] hoan2108: joined with identifiers [steam:11000013ff93d13; license:e69768fc5ff1a0004083f16d36044a39ee2728e9; xbl:2535426955445747; live:914798824294715; discord:1250781281063800885; fivem:16931317; license2:e69768fc5ff1a0004083f16d36044a39ee2728e9]
[14:34:36] [h4XVd#3] hoan2108: disconnected ([txAdmin] Server restarting (requested by Hoan_Tixi).)
[14:34:46] txAdmin: Logger started
[14:35:16] [RDNDt#1] hoan2108: joined with identifiers [steam:11000013ff93d13; license:e69768fc5ff1a0004083f16d36044a39ee2728e9; xbl:2535426955445747; live:914798824294715; discord:1250781281063800885; fivem:16931317; license2:e69768fc5ff1a0004083f16d36044a39ee2728e9]
[14:40:17] [RDNDt#1] hoan2108: disconnected ([txAdmin] Server shutting down (requested by Hoan_Tixi).)
